<?xml version="1.0" encoding="UTF-8"?>
<testng-results ignored="0" total="1" passed="1" failed="0" skipped="0">
  <reporter-output>
  </reporter-output>
  <suite started-at="2023-03-14T08:45:33 IST" name="Default suite" finished-at="2023-03-14T08:45:38 IST" duration-ms="5265">
    <groups>
    </groups>
    <test started-at="2023-03-14T08:45:33 IST" name="Default test" finished-at="2023-03-14T08:45:38 IST" duration-ms="5265">
      <class name="pratik.ExtendReport.ExtendReport">
        <test-method is-config="true" signature="Extends()[pri:0, instance:pratik.ExtendReport.ExtendReport@9f116cc]" started-at="2023-03-14T08:45:33 IST" name="Extends" finished-at="2023-03-14T08:45:33 IST" duration-ms="191" status="PASS">
          <reporter-output>
          </reporter-output>
        </test-method> <!-- Extends -->
        <test-method signature="test1()[pri:0, instance:pratik.ExtendReport.ExtendReport@9f116cc]" started-at="2023-03-14T08:45:33 IST" name="test1" finished-at="2023-03-14T08:45:38 IST" duration-ms="5039" status="PASS">
          <reporter-output>
          </reporter-output>
        </test-method> <!-- test1 -->
      </class> <!-- pratik.ExtendReport.ExtendReport -->
    </test> <!-- Default test -->
  </suite> <!-- Default suite -->
</testng-results>
